{'affine_hids': [256, 256],
 'batch_size': 500,
 'class_weights': [1],
 'clip_gradient': 1,
 'coupling_hids': [256, 256],
 'dataset': 'questions',
 'decay_rate': 0.5,
 'decay_steps': 10000,
 'dfile': './data/water.pkl',
 'dimension': 9,
 'epochs': 250,
 'exp_dir': './exp/gas/water',
 'gfile': None,
 'gpu': '0',
 'lambda_mse': 0.0,
 'lambda_nll': 1.0,
 'lambda_xent': 1.0,
 'layer_cfg': ['ML', 'LR', 'CP2'],
 'linear_hids': [256, 256],
 'linear_rank': -1,
 'lr': 0.001,
 'model': 'acflow_classifier',
 'n_classes': 2,
 'n_components': 40,
 'num_samples': 10,
 'optimizer': 'adam',
 'prior': 'autoreg',
 'prior_hids': [256, 256],
 'prior_layers': 2,
 'prior_units': 256,
 'rnncp_layers': 2,
 'rnncp_units': 256,
 'seed': 123,
 'summ_freq': 100,
 'transform': ['AF', 'TL', 'TL', 'TL', 'TL', 'AF']}
From scripts/train.py:34: The name tf.set_random_seed is deprecated. Please use tf.compat.v1.set_random_seed instead.

From scripts/train.py:36: The name tf.ConfigProto is deprecated. Please use tf.compat.v1.ConfigProto instead.

From scripts/train.py:40: The name tf.Session is deprecated. Please use tf.compat.v1.Session instead.

From F:\annoconda\envs\tf1.15\lib\site-packages\tensorflow_core\python\data\util\random_seed.py:58: where (from tensorflow.python.ops.array_ops) is deprecated and will be removed in a future version.
Instructions for updating:
Use tf.where in 2.0, which has the same broadcast rule as np.where
From C:\Users\wanyong\Desktop\water_action\datasets\questions.py:54: py_func (from tensorflow.python.ops.script_ops) is deprecated and will be removed in a future version.
Instructions for updating:
tf.py_func is deprecated in TF V2. Instead, there are two
    options available in V2.
    - tf.py_function takes a python function which manipulates tf eager
    tensors instead of numpy arrays. It's easy to convert a tf eager tensor to
    an ndarray (just call tensor.numpy()) but having access to eager tensors
    means `tf.py_function`s can use accelerators such as GPUs as well as
    being differentiable using a gradient tape.
    - tf.numpy_function maintains the semantics of the deprecated tf.py_func
    (it is not differentiable, and manipulates numpy arrays). It drops the
    stateful argument making all functions stateful.
    
From C:\Users\wanyong\Desktop\water_action\datasets\questions.py:59: DatasetV1.make_initializable_iterator (from tensorflow.python.data.ops.dataset_ops) is deprecated and will be removed in a future version.
Instructions for updating:
Use `for ... in dataset:` to iterate over a dataset. If using `tf.estimator`, return the `Dataset` object directly from your input function. As a last resort, you can use `tf.compat.v1.data.make_initializable_iterator(dataset)`.
('trainset: 2621', 'validset: 328', 'testset: 327')
From C:\Users\wanyong\Desktop\water_action\models\ACTAN\transforms.py:39: The name tf.variable_scope is deprecated. Please use tf.compat.v1.variable_scope instead.

From C:\Users\wanyong\Desktop\water_action\models\ACTAN\transforms.py:39: The name tf.AUTO_REUSE is deprecated. Please use tf.compat.v1.AUTO_REUSE instead.

From C:\Users\wanyong\Desktop\water_action\models\ACTAN\transforms.py:505: The name tf.get_variable is deprecated. Please use tf.compat.v1.get_variable instead.

From C:\Users\wanyong\Desktop\water_action\models\acflow_classifier.py:76: The name tf.placeholder is deprecated. Please use tf.compat.v1.placeholder instead.


The TensorFlow contrib module will not be included in TensorFlow 2.0.
For more information, please see:
  * https://github.com/tensorflow/community/blob/master/rfcs/20180907-contrib-sunset.md
  * https://github.com/tensorflow/addons
  * https://github.com/tensorflow/io (for I/O related ops)
If you depend on functionality not listed there, please file an issue.

From F:\annoconda\envs\tf1.15\lib\site-packages\tensorflow_core\python\util\dispatch.py:180: batch_gather (from tensorflow.python.ops.array_ops) is deprecated and will be removed after 2017-10-25.
Instructions for updating:
`tf.batch_gather` is deprecated, please use `tf.gather` with `batch_dims=-1` instead.
From F:\annoconda\envs\tf1.15\lib\site-packages\tensorflow_core\python\ops\resource_variable_ops.py:1630: calling BaseResourceVariable.__init__ (from tensorflow.python.ops.resource_variable_ops) with constraint is deprecated and will be removed in a future version.
Instructions for updating:
If using Keras pass *_constraint arguments to layers.
From C:\Users\wanyong\Desktop\water_action\models\ACTAN\transforms.py:592: The name tf.matrix_diag is deprecated. Please use tf.linalg.diag instead.

From C:\Users\wanyong\Desktop\water_action\models\ACTAN\transforms.py:541: The name tf.matrix_band_part is deprecated. Please use tf.linalg.band_part instead.

From C:\Users\wanyong\Desktop\water_action\models\ACTAN\transforms.py:554: The name tf.log is deprecated. Please use tf.math.log instead.

From C:\Users\wanyong\Desktop\water_action\models\ACTAN\transforms.py:554: The name tf.matrix_diag_part is deprecated. Please use tf.linalg.diag_part instead.

From C:\Users\wanyong\Desktop\water_action\models\ACTAN\transforms.py:269: The name tf.mod is deprecated. Please use tf.math.mod instead.

From C:\Users\wanyong\Desktop\water_action\models\acflow_classifier.py:49: The name tf.random_uniform is deprecated. Please use tf.random.uniform instead.

From C:\Users\wanyong\Desktop\water_action\models\ACTAN\likelihood.py:243: multinomial (from tensorflow.python.ops.random_ops) is deprecated and will be removed in a future version.
Instructions for updating:
Use `tf.random.categorical` instead.
From C:\Users\wanyong\Desktop\water_action\models\ACTAN\likelihood.py:247: The name tf.random_normal is deprecated. Please use tf.random.normal instead.

From C:\Users\wanyong\Desktop\water_action\models\ACTAN\transforms.py:566: The name tf.matrix_triangular_solve is deprecated. Please use tf.linalg.triangular_solve instead.

From C:\Users\wanyong\Desktop\water_action\models\acflow_classifier.py:119: The name tf.summary.scalar is deprecated. Please use tf.compat.v1.summary.scalar instead.

From C:\Users\wanyong\Desktop\water_action\models\acflow_classifier.py:141: The name tf.train.get_or_create_global_step is deprecated. Please use tf.compat.v1.train.get_or_create_global_step instead.

From C:\Users\wanyong\Desktop\water_action\models\acflow_classifier.py:142: The name tf.train.inverse_time_decay is deprecated. Please use tf.compat.v1.train.inverse_time_decay instead.

From C:\Users\wanyong\Desktop\water_action\models\acflow_classifier.py:148: The name tf.train.AdamOptimizer is deprecated. Please use tf.compat.v1.train.AdamOptimizer instead.

From C:\Users\wanyong\Desktop\water_action\models\acflow_classifier.py:157: The name tf.trainable_variables is deprecated. Please use tf.compat.v1.trainable_variables instead.

From C:\Users\wanyong\Desktop\water_action\models\acflow_classifier.py:161: The name tf.check_numerics is deprecated. Please use tf.debugging.check_numerics instead.

From C:\Users\wanyong\Desktop\water_action\models\acflow_classifier.py:168: The name tf.summary.merge_all is deprecated. Please use tf.compat.v1.summary.merge_all instead.

From scripts/train.py:55: The name tf.global_variables_initializer is deprecated. Please use tf.compat.v1.global_variables_initializer instead.

From scripts/train.py:57: The name tf.train.Saver is deprecated. Please use tf.compat.v1.train.Saver instead.

From scripts/train.py:57: The name tf.global_variables is deprecated. Please use tf.compat.v1.global_variables instead.

From scripts/train.py:58: The name tf.summary.FileWriter is deprecated. Please use tf.compat.v1.summary.FileWriter instead.

====================
Variables:
[<tf.Variable 'trans/layer_1/linear_0/W:0' shape=(9, 9) dtype=float32_ref>,
 <tf.Variable 'trans/layer_1/linear_0/b:0' shape=(9,) dtype=float32_ref>,
 <tf.Variable 'trans/layer_1/lrelu_1/log_alpha:0' shape=() dtype=float32_ref>,
 <tf.Variable 'trans/layer_2/linear_0/W:0' shape=(9, 9) dtype=float32_ref>,
 <tf.Variable 'trans/layer_2/linear_0/b:0' shape=(9,) dtype=float32_ref>,
 <tf.Variable 'trans/layer_2/lrelu_1/log_alpha:0' shape=() dtype=float32_ref>,
 <tf.Variable 'trans/layer_3/linear_0/W:0' shape=(9, 9) dtype=float32_ref>,
 <tf.Variable 'trans/layer_3/linear_0/b:0' shape=(9,) dtype=float32_ref>,
 <tf.Variable 'trans/layer_3/lrelu_1/log_alpha:0' shape=() dtype=float32_ref>,
 <tf.Variable 'trans/layer_4/linear_0/W:0' shape=(9, 9) dtype=float32_ref>,
 <tf.Variable 'trans/layer_4/linear_0/b:0' shape=(9,) dtype=float32_ref>,
 <tf.Variable 'trans/layer_4/lrelu_1/log_alpha:0' shape=() dtype=float32_ref>,
 <tf.Variable 'trans_1/affine_0/ms/l0/kernel:0' shape=(29, 256) dtype=float32>,
 <tf.Variable 'trans_1/affine_0/ms/l0/bias:0' shape=(256,) dtype=float32>,
 <tf.Variable 'trans_1/affine_0/ms/l1/kernel:0' shape=(256, 256) dtype=float32>,
 <tf.Variable 'trans_1/affine_0/ms/l1/bias:0' shape=(256,) dtype=float32>,
 <tf.Variable 'trans_1/affine_0/ms/l2/kernel:0' shape=(256, 18) dtype=float32>,
 <tf.Variable 'trans_1/affine_0/ms/l2/bias:0' shape=(18,) dtype=float32>,
 <tf.Variable 'trans_1/layer_1/linear_0/wnn/l0/kernel:0' shape=(29, 256) dtype=float32>,
 <tf.Variable 'trans_1/layer_1/linear_0/wnn/l0/bias:0' shape=(256,) dtype=float32>,
 <tf.Variable 'trans_1/layer_1/linear_0/wnn/l1/kernel:0' shape=(256, 256) dtype=float32>,
 <tf.Variable 'trans_1/layer_1/linear_0/wnn/l1/bias:0' shape=(256,) dtype=float32>,
 <tf.Variable 'trans_1/layer_1/linear_0/wnn/l2/kernel:0' shape=(256, 162) dtype=float32>,
 <tf.Variable 'trans_1/layer_1/linear_0/wnn/l2/bias:0' shape=(162,) dtype=float32>,
 <tf.Variable 'trans_1/layer_1/linear_0/bnn/l0/kernel:0' shape=(29, 256) dtype=float32>,
 <tf.Variable 'trans_1/layer_1/linear_0/bnn/l0/bias:0' shape=(256,) dtype=float32>,
 <tf.Variable 'trans_1/layer_1/linear_0/bnn/l1/kernel:0' shape=(256, 256) dtype=float32>,
 <tf.Variable 'trans_1/layer_1/linear_0/bnn/l1/bias:0' shape=(256,) dtype=float32>,
 <tf.Variable 'trans_1/layer_1/linear_0/bnn/l2/kernel:0' shape=(256, 9) dtype=float32>,
 <tf.Variable 'trans_1/layer_1/linear_0/bnn/l2/bias:0' shape=(9,) dtype=float32>,
 <tf.Variable 'trans_1/layer_1/cp2_2/ms1/l0/kernel:0' shape=(47, 256) dtype=float32>,
 <tf.Variable 'trans_1/layer_1/cp2_2/ms1/l0/bias:0' shape=(256,) dtype=float32>,
 <tf.Variable 'trans_1/layer_1/cp2_2/ms1/l1/kernel:0' shape=(256, 256) dtype=float32>,
 <tf.Variable 'trans_1/layer_1/cp2_2/ms1/l1/bias:0' shape=(256,) dtype=float32>,
 <tf.Variable 'trans_1/layer_1/cp2_2/ms1/l2/kernel:0' shape=(256, 18) dtype=float32>,
 <tf.Variable 'trans_1/layer_1/cp2_2/ms1/l2/bias:0' shape=(18,) dtype=float32>,
 <tf.Variable 'trans_1/layer_1/cp2_2/ms2/l0/kernel:0' shape=(47, 256) dtype=float32>,
 <tf.Variable 'trans_1/layer_1/cp2_2/ms2/l0/bias:0' shape=(256,) dtype=float32>,
 <tf.Variable 'trans_1/layer_1/cp2_2/ms2/l1/kernel:0' shape=(256, 256) dtype=float32>,
 <tf.Variable 'trans_1/layer_1/cp2_2/ms2/l1/bias:0' shape=(256,) dtype=float32>,
 <tf.Variable 'trans_1/layer_1/cp2_2/ms2/l2/kernel:0' shape=(256, 18) dtype=float32>,
 <tf.Variable 'trans_1/layer_1/cp2_2/ms2/l2/bias:0' shape=(18,) dtype=float32>,
 <tf.Variable 'trans_1/layer_2/linear_0/wnn/l0/kernel:0' shape=(29, 256) dtype=float32>,
 <tf.Variable 'trans_1/layer_2/linear_0/wnn/l0/bias:0' shape=(256,) dtype=float32>,
 <tf.Variable 'trans_1/layer_2/linear_0/wnn/l1/kernel:0' shape=(256, 256) dtype=float32>,
 <tf.Variable 'trans_1/layer_2/linear_0/wnn/l1/bias:0' shape=(256,) dtype=float32>,
 <tf.Variable 'trans_1/layer_2/linear_0/wnn/l2/kernel:0' shape=(256, 162) dtype=float32>,
 <tf.Variable 'trans_1/layer_2/linear_0/wnn/l2/bias:0' shape=(162,) dtype=float32>,
 <tf.Variable 'trans_1/layer_2/linear_0/bnn/l0/kernel:0' shape=(29, 256) dtype=float32>,
 <tf.Variable 'trans_1/layer_2/linear_0/bnn/l0/bias:0' shape=(256,) dtype=float32>,
 <tf.Variable 'trans_1/layer_2/linear_0/bnn/l1/kernel:0' shape=(256, 256) dtype=float32>,
 <tf.Variable 'trans_1/layer_2/linear_0/bnn/l1/bias:0' shape=(256,) dtype=float32>,
 <tf.Variable 'trans_1/layer_2/linear_0/bnn/l2/kernel:0' shape=(256, 9) dtype=float32>,
 <tf.Variable 'trans_1/layer_2/linear_0/bnn/l2/bias:0' shape=(9,) dtype=float32>,
 <tf.Variable 'trans_1/layer_2/cp2_2/ms1/l0/kernel:0' shape=(47, 256) dtype=float32>,
 <tf.Variable 'trans_1/layer_2/cp2_2/ms1/l0/bias:0' shape=(256,) dtype=float32>,
 <tf.Variable 'trans_1/layer_2/cp2_2/ms1/l1/kernel:0' shape=(256, 256) dtype=float32>,
 <tf.Variable 'trans_1/layer_2/cp2_2/ms1/l1/bias:0' shape=(256,) dtype=float32>,
 <tf.Variable 'trans_1/layer_2/cp2_2/ms1/l2/kernel:0' shape=(256, 18) dtype=float32>,
 <tf.Variable 'trans_1/layer_2/cp2_2/ms1/l2/bias:0' shape=(18,) dtype=float32>,
 <tf.Variable 'trans_1/layer_2/cp2_2/ms2/l0/kernel:0' shape=(47, 256) dtype=float32>,
 <tf.Variable 'trans_1/layer_2/cp2_2/ms2/l0/bias:0' shape=(256,) dtype=float32>,
 <tf.Variable 'trans_1/layer_2/cp2_2/ms2/l1/kernel:0' shape=(256, 256) dtype=float32>,
 <tf.Variable 'trans_1/layer_2/cp2_2/ms2/l1/bias:0' shape=(256,) dtype=float32>,
 <tf.Variable 'trans_1/layer_2/cp2_2/ms2/l2/kernel:0' shape=(256, 18) dtype=float32>,
 <tf.Variable 'trans_1/layer_2/cp2_2/ms2/l2/bias:0' shape=(18,) dtype=float32>,
 <tf.Variable 'trans_1/layer_3/linear_0/wnn/l0/kernel:0' shape=(29, 256) dtype=float32>,
 <tf.Variable 'trans_1/layer_3/linear_0/wnn/l0/bias:0' shape=(256,) dtype=float32>,
 <tf.Variable 'trans_1/layer_3/linear_0/wnn/l1/kernel:0' shape=(256, 256) dtype=float32>,
 <tf.Variable 'trans_1/layer_3/linear_0/wnn/l1/bias:0' shape=(256,) dtype=float32>,
 <tf.Variable 'trans_1/layer_3/linear_0/wnn/l2/kernel:0' shape=(256, 162) dtype=float32>,
 <tf.Variable 'trans_1/layer_3/linear_0/wnn/l2/bias:0' shape=(162,) dtype=float32>,
 <tf.Variable 'trans_1/layer_3/linear_0/bnn/l0/kernel:0' shape=(29, 256) dtype=float32>,
 <tf.Variable 'trans_1/layer_3/linear_0/bnn/l0/bias:0' shape=(256,) dtype=float32>,
 <tf.Variable 'trans_1/layer_3/linear_0/bnn/l1/kernel:0' shape=(256, 256) dtype=float32>,
 <tf.Variable 'trans_1/layer_3/linear_0/bnn/l1/bias:0' shape=(256,) dtype=float32>,
 <tf.Variable 'trans_1/layer_3/linear_0/bnn/l2/kernel:0' shape=(256, 9) dtype=float32>,
 <tf.Variable 'trans_1/layer_3/linear_0/bnn/l2/bias:0' shape=(9,) dtype=float32>,
 <tf.Variable 'trans_1/layer_3/cp2_2/ms1/l0/kernel:0' shape=(47, 256) dtype=float32>,
 <tf.Variable 'trans_1/layer_3/cp2_2/ms1/l0/bias:0' shape=(256,) dtype=float32>,
 <tf.Variable 'trans_1/layer_3/cp2_2/ms1/l1/kernel:0' shape=(256, 256) dtype=float32>,
 <tf.Variable 'trans_1/layer_3/cp2_2/ms1/l1/bias:0' shape=(256,) dtype=float32>,
 <tf.Variable 'trans_1/layer_3/cp2_2/ms1/l2/kernel:0' shape=(256, 18) dtype=float32>,
 <tf.Variable 'trans_1/layer_3/cp2_2/ms1/l2/bias:0' shape=(18,) dtype=float32>,
 <tf.Variable 'trans_1/layer_3/cp2_2/ms2/l0/kernel:0' shape=(47, 256) dtype=float32>,
 <tf.Variable 'trans_1/layer_3/cp2_2/ms2/l0/bias:0' shape=(256,) dtype=float32>,
 <tf.Variable 'trans_1/layer_3/cp2_2/ms2/l1/kernel:0' shape=(256, 256) dtype=float32>,
 <tf.Variable 'trans_1/layer_3/cp2_2/ms2/l1/bias:0' shape=(256,) dtype=float32>,
 <tf.Variable 'trans_1/layer_3/cp2_2/ms2/l2/kernel:0' shape=(256, 18) dtype=float32>,
 <tf.Variable 'trans_1/layer_3/cp2_2/ms2/l2/bias:0' shape=(18,) dtype=float32>,
 <tf.Variable 'trans_1/layer_4/linear_0/wnn/l0/kernel:0' shape=(29, 256) dtype=float32>,
 <tf.Variable 'trans_1/layer_4/linear_0/wnn/l0/bias:0' shape=(256,) dtype=float32>,
 <tf.Variable 'trans_1/layer_4/linear_0/wnn/l1/kernel:0' shape=(256, 256) dtype=float32>,
 <tf.Variable 'trans_1/layer_4/linear_0/wnn/l1/bias:0' shape=(256,) dtype=float32>,
 <tf.Variable 'trans_1/layer_4/linear_0/wnn/l2/kernel:0' shape=(256, 162) dtype=float32>,
 <tf.Variable 'trans_1/layer_4/linear_0/wnn/l2/bias:0' shape=(162,) dtype=float32>,
 <tf.Variable 'trans_1/layer_4/linear_0/bnn/l0/kernel:0' shape=(29, 256) dtype=float32>,
 <tf.Variable 'trans_1/layer_4/linear_0/bnn/l0/bias:0' shape=(256,) dtype=float32>,
 <tf.Variable 'trans_1/layer_4/linear_0/bnn/l1/kernel:0' shape=(256, 256) dtype=float32>,
 <tf.Variable 'trans_1/layer_4/linear_0/bnn/l1/bias:0' shape=(256,) dtype=float32>,
 <tf.Variable 'trans_1/layer_4/linear_0/bnn/l2/kernel:0' shape=(256, 9) dtype=float32>,
 <tf.Variable 'trans_1/layer_4/linear_0/bnn/l2/bias:0' shape=(9,) dtype=float32>,
 <tf.Variable 'trans_1/layer_4/cp2_2/ms1/l0/kernel:0' shape=(47, 256) dtype=float32>,
 <tf.Variable 'trans_1/layer_4/cp2_2/ms1/l0/bias:0' shape=(256,) dtype=float32>,
 <tf.Variable 'trans_1/layer_4/cp2_2/ms1/l1/kernel:0' shape=(256, 256) dtype=float32>,
 <tf.Variable 'trans_1/layer_4/cp2_2/ms1/l1/bias:0' shape=(256,) dtype=float32>,
 <tf.Variable 'trans_1/layer_4/cp2_2/ms1/l2/kernel:0' shape=(256, 18) dtype=float32>,
 <tf.Variable 'trans_1/layer_4/cp2_2/ms1/l2/bias:0' shape=(18,) dtype=float32>,
 <tf.Variable 'trans_1/layer_4/cp2_2/ms2/l0/kernel:0' shape=(47, 256) dtype=float32>,
 <tf.Variable 'trans_1/layer_4/cp2_2/ms2/l0/bias:0' shape=(256,) dtype=float32>,
 <tf.Variable 'trans_1/layer_4/cp2_2/ms2/l1/kernel:0' shape=(256, 256) dtype=float32>,
 <tf.Variable 'trans_1/layer_4/cp2_2/ms2/l1/bias:0' shape=(256,) dtype=float32>,
 <tf.Variable 'trans_1/layer_4/cp2_2/ms2/l2/kernel:0' shape=(256, 18) dtype=float32>,
 <tf.Variable 'trans_1/layer_4/cp2_2/ms2/l2/bias:0' shape=(18,) dtype=float32>,
 <tf.Variable 'trans_1/affine_5/ms/l0/kernel:0' shape=(29, 256) dtype=float32>,
 <tf.Variable 'trans_1/affine_5/ms/l0/bias:0' shape=(256,) dtype=float32>,
 <tf.Variable 'trans_1/affine_5/ms/l1/kernel:0' shape=(256, 256) dtype=float32>,
 <tf.Variable 'trans_1/affine_5/ms/l1/bias:0' shape=(256,) dtype=float32>,
 <tf.Variable 'trans_1/affine_5/ms/l2/kernel:0' shape=(256, 18) dtype=float32>,
 <tf.Variable 'trans_1/affine_5/ms/l2/bias:0' shape=(18,) dtype=float32>,
 <tf.Variable 'prior_1/rnn_cell/kernel:0' shape=(30, 768) dtype=float32>,
 <tf.Variable 'prior_1/rnn_cell/recurrent_kernel:0' shape=(256, 768) dtype=float32>,
 <tf.Variable 'prior_1/rnn_cell/bias:0' shape=(768,) dtype=float32>,
 <tf.Variable 'prior_1/rnn_cell/kernel_1:0' shape=(256, 768) dtype=float32>,
 <tf.Variable 'prior_1/rnn_cell/recurrent_kernel_1:0' shape=(256, 768) dtype=float32>,
 <tf.Variable 'prior_1/rnn_cell/bias_1:0' shape=(768,) dtype=float32>,
 <tf.Variable 'prior_1/rnn_out/l0/kernel:0' shape=(285, 256) dtype=float32>,
 <tf.Variable 'prior_1/rnn_out/l0/bias:0' shape=(256,) dtype=float32>,
 <tf.Variable 'prior_1/rnn_out/l1/kernel:0' shape=(256, 256) dtype=float32>,
 <tf.Variable 'prior_1/rnn_out/l1/bias:0' shape=(256,) dtype=float32>,
 <tf.Variable 'prior_1/rnn_out/l2/kernel:0' shape=(256, 120) dtype=float32>,
 <tf.Variable 'prior_1/rnn_out/l2/bias:0' shape=(120,) dtype=float32>]
TOTAL TENSORS: 132 TOTAL PARAMS: 2.366020[M]
====================
starting training
Epoch 0, train: 0.5128/0.5128, valid: 0.5457/0.5457 test: 0.4862/0.4862
Epoch 1, train: 0.4605/0.5128, valid: 0.5122/0.5457 test: 0.5352/0.5352
Epoch 2, train: 0.4876/0.5128, valid: 0.5122/0.5457 test: 0.4893/0.5352
Epoch 3, train: 0.5738/0.5738, valid: 0.4756/0.5457 test: 0.5168/0.5352
Epoch 4, train: 0.5883/0.5883, valid: 0.5518/0.5518 test: 0.4862/0.5352
Epoch 5, train: 0.5944/0.5944, valid: 0.5061/0.5518 test: 0.4771/0.5352
Epoch 6, train: 0.5754/0.5944, valid: 0.5274/0.5518 test: 0.4862/0.5352
Epoch 7, train: 0.6013/0.6013, valid: 0.5091/0.5518 test: 0.4985/0.5352
Epoch 8, train: 0.6074/0.6074, valid: 0.5244/0.5518 test: 0.5107/0.5352
Epoch 9, train: 0.5952/0.6074, valid: 0.5122/0.5518 test: 0.5138/0.5352
Epoch 10, train: 0.5990/0.6074, valid: 0.4909/0.5518 test: 0.5229/0.5352
Epoch 11, train: 0.5944/0.6074, valid: 0.5183/0.5518 test: 0.5046/0.5352
Epoch 12, train: 0.6002/0.6074, valid: 0.4878/0.5518 test: 0.4985/0.5352
Epoch 13, train: 0.6196/0.6196, valid: 0.5213/0.5518 test: 0.5352/0.5352
Epoch 14, train: 0.6055/0.6196, valid: 0.5122/0.5518 test: 0.5107/0.5352
Epoch 15, train: 0.6066/0.6196, valid: 0.4756/0.5518 test: 0.5199/0.5352
Epoch 16, train: 0.6097/0.6196, valid: 0.5274/0.5518 test: 0.5291/0.5352
Epoch 17, train: 0.6066/0.6196, valid: 0.5183/0.5518 test: 0.4954/0.5352
Epoch 18, train: 0.6139/0.6196, valid: 0.5030/0.5518 test: 0.5413/0.5413
Epoch 19, train: 0.6047/0.6196, valid: 0.5030/0.5518 test: 0.5321/0.5413
Epoch 20, train: 0.6158/0.6196, valid: 0.5000/0.5518 test: 0.5382/0.5413
Epoch 21, train: 0.6116/0.6196, valid: 0.5335/0.5518 test: 0.5046/0.5413
Epoch 22, train: 0.5921/0.6196, valid: 0.4970/0.5518 test: 0.5107/0.5413
Epoch 23, train: 0.6120/0.6196, valid: 0.4970/0.5518 test: 0.5138/0.5413
Epoch 24, train: 0.6070/0.6196, valid: 0.5152/0.5518 test: 0.5107/0.5413
Epoch 25, train: 0.5929/0.6196, valid: 0.5030/0.5518 test: 0.5229/0.5413
Epoch 26, train: 0.6066/0.6196, valid: 0.5061/0.5518 test: 0.5199/0.5413
Epoch 27, train: 0.5982/0.6196, valid: 0.5213/0.5518 test: 0.4801/0.5413
Epoch 28, train: 0.6040/0.6196, valid: 0.5122/0.5518 test: 0.4924/0.5413
Epoch 29, train: 0.6063/0.6196, valid: 0.4970/0.5518 test: 0.5229/0.5413
Epoch 30, train: 0.6120/0.6196, valid: 0.5274/0.5518 test: 0.4893/0.5413
Epoch 31, train: 0.5845/0.6196, valid: 0.5152/0.5518 test: 0.5443/0.5443
Epoch 32, train: 0.5780/0.6196, valid: 0.4634/0.5518 test: 0.4954/0.5443
Epoch 33, train: 0.5921/0.6196, valid: 0.5457/0.5518 test: 0.4924/0.5443
Epoch 34, train: 0.6131/0.6196, valid: 0.5000/0.5518 test: 0.5076/0.5443
Epoch 35, train: 0.6059/0.6196, valid: 0.4848/0.5518 test: 0.5076/0.5443
Epoch 36, train: 0.5723/0.6196, valid: 0.5183/0.5518 test: 0.5107/0.5443
Epoch 37, train: 0.5899/0.6196, valid: 0.5427/0.5518 test: 0.5352/0.5443
Epoch 38, train: 0.5952/0.6196, valid: 0.4970/0.5518 test: 0.4709/0.5443
Epoch 39, train: 0.6143/0.6196, valid: 0.5183/0.5518 test: 0.5046/0.5443
Epoch 40, train: 0.5975/0.6196, valid: 0.4756/0.5518 test: 0.5138/0.5443
Epoch 41, train: 0.5952/0.6196, valid: 0.5366/0.5518 test: 0.5321/0.5443
Epoch 42, train: 0.5963/0.6196, valid: 0.5091/0.5518 test: 0.4954/0.5443
Epoch 43, train: 0.5895/0.6196, valid: 0.5335/0.5518 test: 0.5260/0.5443
Epoch 44, train: 0.5956/0.6196, valid: 0.4970/0.5518 test: 0.5291/0.5443
Epoch 45, train: 0.6047/0.6196, valid: 0.5213/0.5518 test: 0.4985/0.5443
Epoch 46, train: 0.6047/0.6196, valid: 0.5152/0.5518 test: 0.5321/0.5443
Epoch 47, train: 0.5986/0.6196, valid: 0.5152/0.5518 test: 0.5291/0.5443
Epoch 48, train: 0.5940/0.6196, valid: 0.5122/0.5518 test: 0.5168/0.5443
Epoch 49, train: 0.6093/0.6196, valid: 0.5000/0.5518 test: 0.4985/0.5443
Epoch 50, train: 0.6101/0.6196, valid: 0.5183/0.5518 test: 0.5076/0.5443
Epoch 51, train: 0.6028/0.6196, valid: 0.4909/0.5518 test: 0.5260/0.5443
Epoch 52, train: 0.6070/0.6196, valid: 0.5457/0.5518 test: 0.5382/0.5443
Epoch 53, train: 0.6017/0.6196, valid: 0.5396/0.5518 test: 0.5076/0.5443
Epoch 54, train: 0.5986/0.6196, valid: 0.4909/0.5518 test: 0.4832/0.5443
Epoch 55, train: 0.6024/0.6196, valid: 0.5152/0.5518 test: 0.5138/0.5443
Epoch 56, train: 0.5998/0.6196, valid: 0.5274/0.5518 test: 0.5046/0.5443
Epoch 57, train: 0.6032/0.6196, valid: 0.5274/0.5518 test: 0.5138/0.5443
Epoch 58, train: 0.6124/0.6196, valid: 0.5152/0.5518 test: 0.5321/0.5443
Epoch 59, train: 0.6040/0.6196, valid: 0.5244/0.5518 test: 0.5321/0.5443
Epoch 60, train: 0.6154/0.6196, valid: 0.5152/0.5518 test: 0.5015/0.5443
Epoch 61, train: 0.6013/0.6196, valid: 0.4970/0.5518 test: 0.5138/0.5443
Epoch 62, train: 0.5990/0.6196, valid: 0.5030/0.5518 test: 0.5199/0.5443
Epoch 63, train: 0.5986/0.6196, valid: 0.5244/0.5518 test: 0.5260/0.5443
Epoch 64, train: 0.6093/0.6196, valid: 0.5030/0.5518 test: 0.5107/0.5443
Epoch 65, train: 0.6120/0.6196, valid: 0.5244/0.5518 test: 0.5260/0.5443
Epoch 66, train: 0.5956/0.6196, valid: 0.5152/0.5518 test: 0.5352/0.5443
Epoch 67, train: 0.6089/0.6196, valid: 0.4939/0.5518 test: 0.5046/0.5443
Epoch 68, train: 0.6085/0.6196, valid: 0.5335/0.5518 test: 0.5474/0.5474
Epoch 69, train: 0.5990/0.6196, valid: 0.5030/0.5518 test: 0.5199/0.5474
Epoch 70, train: 0.5929/0.6196, valid: 0.5061/0.5518 test: 0.5107/0.5474
Epoch 71, train: 0.5937/0.6196, valid: 0.5122/0.5518 test: 0.4801/0.5474
Epoch 72, train: 0.5937/0.6196, valid: 0.4909/0.5518 test: 0.5046/0.5474
Epoch 73, train: 0.5822/0.6196, valid: 0.5091/0.5518 test: 0.5046/0.5474
Epoch 74, train: 0.5986/0.6196, valid: 0.5274/0.5518 test: 0.4832/0.5474
Epoch 75, train: 0.6040/0.6196, valid: 0.5152/0.5518 test: 0.5138/0.5474
Epoch 76, train: 0.6063/0.6196, valid: 0.4848/0.5518 test: 0.5321/0.5474
Epoch 77, train: 0.5910/0.6196, valid: 0.5640/0.5640 test: 0.4954/0.5474
Epoch 78, train: 0.5830/0.6196, valid: 0.5091/0.5640 test: 0.4771/0.5474
Epoch 79, train: 0.5849/0.6196, valid: 0.4848/0.5640 test: 0.5382/0.5474
Epoch 80, train: 0.5872/0.6196, valid: 0.5396/0.5640 test: 0.4954/0.5474
Epoch 81, train: 0.5853/0.6196, valid: 0.4939/0.5640 test: 0.5413/0.5474
Epoch 82, train: 0.5986/0.6196, valid: 0.5244/0.5640 test: 0.5199/0.5474
Epoch 83, train: 0.5967/0.6196, valid: 0.4939/0.5640 test: 0.5413/0.5474
Epoch 84, train: 0.5918/0.6196, valid: 0.5122/0.5640 test: 0.5138/0.5474
Epoch 85, train: 0.6009/0.6196, valid: 0.5305/0.5640 test: 0.5138/0.5474
Epoch 86, train: 0.5857/0.6196, valid: 0.4939/0.5640 test: 0.4924/0.5474
Epoch 87, train: 0.5864/0.6196, valid: 0.4909/0.5640 test: 0.4924/0.5474
Epoch 88, train: 0.5807/0.6196, valid: 0.5427/0.5640 test: 0.5046/0.5474
Epoch 89, train: 0.6070/0.6196, valid: 0.5030/0.5640 test: 0.5199/0.5474
Epoch 90, train: 0.5746/0.6196, valid: 0.4756/0.5640 test: 0.5382/0.5474
Epoch 91, train: 0.5956/0.6196, valid: 0.5152/0.5640 test: 0.5015/0.5474
Epoch 92, train: 0.5979/0.6196, valid: 0.5396/0.5640 test: 0.4862/0.5474
Epoch 93, train: 0.5948/0.6196, valid: 0.5427/0.5640 test: 0.5260/0.5474
Epoch 94, train: 0.5906/0.6196, valid: 0.5000/0.5640 test: 0.5168/0.5474
Epoch 95, train: 0.5956/0.6196, valid: 0.5030/0.5640 test: 0.5382/0.5474
Epoch 96, train: 0.5940/0.6196, valid: 0.5122/0.5640 test: 0.4771/0.5474
Epoch 97, train: 0.5925/0.6196, valid: 0.5335/0.5640 test: 0.5291/0.5474
Epoch 98, train: 0.5990/0.6196, valid: 0.5213/0.5640 test: 0.5046/0.5474
Epoch 99, train: 0.6009/0.6196, valid: 0.5305/0.5640 test: 0.5046/0.5474
Epoch 100, train: 0.5853/0.6196, valid: 0.5030/0.5640 test: 0.5107/0.5474
Epoch 101, train: 0.5879/0.6196, valid: 0.5183/0.5640 test: 0.4832/0.5474
Epoch 102, train: 0.5906/0.6196, valid: 0.5366/0.5640 test: 0.5382/0.5474
Epoch 103, train: 0.6013/0.6196, valid: 0.5061/0.5640 test: 0.4924/0.5474
Epoch 104, train: 0.6032/0.6196, valid: 0.5366/0.5640 test: 0.4862/0.5474
Epoch 105, train: 0.5982/0.6196, valid: 0.5427/0.5640 test: 0.5321/0.5474
Epoch 106, train: 0.5883/0.6196, valid: 0.5000/0.5640 test: 0.4771/0.5474
Epoch 107, train: 0.5841/0.6196, valid: 0.5488/0.5640 test: 0.5046/0.5474
Epoch 108, train: 0.5994/0.6196, valid: 0.5000/0.5640 test: 0.5291/0.5474
Epoch 109, train: 0.6043/0.6196, valid: 0.4909/0.5640 test: 0.5321/0.5474
Epoch 110, train: 0.6005/0.6196, valid: 0.5244/0.5640 test: 0.5138/0.5474
Epoch 111, train: 0.5982/0.6196, valid: 0.4878/0.5640 test: 0.5321/0.5474
Epoch 112, train: 0.6043/0.6196, valid: 0.5213/0.5640 test: 0.4893/0.5474
Epoch 113, train: 0.5952/0.6196, valid: 0.5244/0.5640 test: 0.5229/0.5474
Epoch 114, train: 0.5811/0.6196, valid: 0.5244/0.5640 test: 0.5046/0.5474
Epoch 115, train: 0.5486/0.6196, valid: 0.5213/0.5640 test: 0.5107/0.5474
Epoch 116, train: 0.5563/0.6196, valid: 0.5152/0.5640 test: 0.5046/0.5474
Epoch 117, train: 0.5624/0.6196, valid: 0.4909/0.5640 test: 0.4832/0.5474
Epoch 118, train: 0.5712/0.6196, valid: 0.4909/0.5640 test: 0.5046/0.5474
Epoch 119, train: 0.5883/0.6196, valid: 0.5030/0.5640 test: 0.5199/0.5474
Epoch 120, train: 0.5925/0.6196, valid: 0.5122/0.5640 test: 0.5321/0.5474
Epoch 121, train: 0.6021/0.6196, valid: 0.5305/0.5640 test: 0.4985/0.5474
Epoch 122, train: 0.5982/0.6196, valid: 0.4970/0.5640 test: 0.4954/0.5474
Epoch 123, train: 0.5933/0.6196, valid: 0.5335/0.5640 test: 0.4893/0.5474
Epoch 124, train: 0.5868/0.6196, valid: 0.4848/0.5640 test: 0.5015/0.5474
Epoch 125, train: 0.5979/0.6196, valid: 0.5244/0.5640 test: 0.5321/0.5474
Epoch 126, train: 0.5918/0.6196, valid: 0.5000/0.5640 test: 0.5199/0.5474
Epoch 127, train: 0.5914/0.6196, valid: 0.4817/0.5640 test: 0.4954/0.5474
Epoch 128, train: 0.5948/0.6196, valid: 0.5091/0.5640 test: 0.5229/0.5474
Epoch 129, train: 0.5975/0.6196, valid: 0.5091/0.5640 test: 0.5138/0.5474
Epoch 130, train: 0.5921/0.6196, valid: 0.5427/0.5640 test: 0.4893/0.5474
Epoch 131, train: 0.5940/0.6196, valid: 0.5335/0.5640 test: 0.4648/0.5474
Epoch 132, train: 0.5784/0.6196, valid: 0.5335/0.5640 test: 0.4862/0.5474
Epoch 133, train: 0.5681/0.6196, valid: 0.4665/0.5640 test: 0.5015/0.5474
Epoch 134, train: 0.5734/0.6196, valid: 0.5244/0.5640 test: 0.5443/0.5474
Epoch 135, train: 0.5807/0.6196, valid: 0.5000/0.5640 test: 0.5291/0.5474
Epoch 136, train: 0.5857/0.6196, valid: 0.4970/0.5640 test: 0.5260/0.5474
Epoch 137, train: 0.6005/0.6196, valid: 0.5396/0.5640 test: 0.5015/0.5474
Epoch 138, train: 0.5899/0.6196, valid: 0.5213/0.5640 test: 0.5107/0.5474
Epoch 139, train: 0.5921/0.6196, valid: 0.4970/0.5640 test: 0.5046/0.5474
Epoch 140, train: 0.5952/0.6196, valid: 0.5061/0.5640 test: 0.5107/0.5474
Epoch 141, train: 0.5971/0.6196, valid: 0.5244/0.5640 test: 0.5199/0.5474
Epoch 142, train: 0.5910/0.6196, valid: 0.5457/0.5640 test: 0.5076/0.5474
Epoch 143, train: 0.6040/0.6196, valid: 0.5091/0.5640 test: 0.4954/0.5474
Epoch 144, train: 0.5872/0.6196, valid: 0.5061/0.5640 test: 0.4985/0.5474
Epoch 145, train: 0.5799/0.6196, valid: 0.4817/0.5640 test: 0.5138/0.5474
Epoch 146, train: 0.5887/0.6196, valid: 0.4909/0.5640 test: 0.5076/0.5474
Epoch 147, train: 0.5872/0.6196, valid: 0.5152/0.5640 test: 0.4924/0.5474
Epoch 148, train: 0.5914/0.6196, valid: 0.5457/0.5640 test: 0.4954/0.5474
Epoch 149, train: 0.5845/0.6196, valid: 0.5122/0.5640 test: 0.4801/0.5474
Epoch 150, train: 0.5887/0.6196, valid: 0.5488/0.5640 test: 0.5443/0.5474
Epoch 151, train: 0.5895/0.6196, valid: 0.5488/0.5640 test: 0.5015/0.5474
Epoch 152, train: 0.5860/0.6196, valid: 0.5091/0.5640 test: 0.5015/0.5474
Epoch 153, train: 0.5364/0.6196, valid: 0.4878/0.5640 test: 0.4893/0.5474
Epoch 154, train: 0.5422/0.6196, valid: 0.5122/0.5640 test: 0.4862/0.5474
Epoch 155, train: 0.5410/0.6196, valid: 0.5061/0.5640 test: 0.4832/0.5474
Epoch 156, train: 0.5437/0.6196, valid: 0.5427/0.5640 test: 0.4801/0.5474
Epoch 157, train: 0.5288/0.6196, valid: 0.4939/0.5640 test: 0.5168/0.5474
Epoch 158, train: 0.5570/0.6196, valid: 0.5091/0.5640 test: 0.4679/0.5474
Epoch 159, train: 0.5525/0.6196, valid: 0.5213/0.5640 test: 0.5076/0.5474
Epoch 160, train: 0.5593/0.6196, valid: 0.5000/0.5640 test: 0.5260/0.5474
Epoch 161, train: 0.5494/0.6196, valid: 0.5244/0.5640 test: 0.5046/0.5474
Epoch 162, train: 0.5776/0.6196, valid: 0.5091/0.5640 test: 0.5199/0.5474
Epoch 163, train: 0.5815/0.6196, valid: 0.5030/0.5640 test: 0.4893/0.5474
Epoch 164, train: 0.5902/0.6196, valid: 0.5030/0.5640 test: 0.5138/0.5474
Epoch 165, train: 0.5921/0.6196, valid: 0.5091/0.5640 test: 0.4740/0.5474
Epoch 166, train: 0.6051/0.6196, valid: 0.5030/0.5640 test: 0.5076/0.5474
Epoch 167, train: 0.6005/0.6196, valid: 0.5061/0.5640 test: 0.4618/0.5474
Epoch 168, train: 0.6074/0.6196, valid: 0.4970/0.5640 test: 0.5168/0.5474
Epoch 169, train: 0.5998/0.6196, valid: 0.5183/0.5640 test: 0.5076/0.5474
Epoch 170, train: 0.6101/0.6196, valid: 0.5122/0.5640 test: 0.5260/0.5474
Epoch 171, train: 0.5975/0.6196, valid: 0.5305/0.5640 test: 0.4985/0.5474
Epoch 172, train: 0.5876/0.6196, valid: 0.5030/0.5640 test: 0.4954/0.5474
Epoch 173, train: 0.6002/0.6196, valid: 0.4909/0.5640 test: 0.5138/0.5474
Epoch 174, train: 0.5952/0.6196, valid: 0.4878/0.5640 test: 0.4893/0.5474
Epoch 175, train: 0.5990/0.6196, valid: 0.5396/0.5640 test: 0.5260/0.5474
Epoch 176, train: 0.5956/0.6196, valid: 0.4726/0.5640 test: 0.5138/0.5474
Epoch 177, train: 0.5815/0.6196, valid: 0.5244/0.5640 test: 0.4985/0.5474
Epoch 178, train: 0.5956/0.6196, valid: 0.4817/0.5640 test: 0.5382/0.5474
Epoch 179, train: 0.5929/0.6196, valid: 0.5213/0.5640 test: 0.5046/0.5474
Epoch 180, train: 0.5986/0.6196, valid: 0.5366/0.5640 test: 0.5229/0.5474
Epoch 181, train: 0.6070/0.6196, valid: 0.5061/0.5640 test: 0.5168/0.5474
Epoch 182, train: 0.5998/0.6196, valid: 0.4939/0.5640 test: 0.4954/0.5474
Epoch 183, train: 0.6024/0.6196, valid: 0.4634/0.5640 test: 0.5138/0.5474
Epoch 184, train: 0.6024/0.6196, valid: 0.5183/0.5640 test: 0.5382/0.5474
Epoch 185, train: 0.6089/0.6196, valid: 0.5579/0.5640 test: 0.5199/0.5474
Epoch 186, train: 0.5925/0.6196, valid: 0.4970/0.5640 test: 0.4740/0.5474
Epoch 187, train: 0.6017/0.6196, valid: 0.5030/0.5640 test: 0.4985/0.5474
Epoch 188, train: 0.6036/0.6196, valid: 0.5122/0.5640 test: 0.5107/0.5474
Epoch 189, train: 0.6059/0.6196, valid: 0.4848/0.5640 test: 0.5015/0.5474
Epoch 190, train: 0.5853/0.6196, valid: 0.5091/0.5640 test: 0.5107/0.5474
Epoch 191, train: 0.5952/0.6196, valid: 0.5000/0.5640 test: 0.5352/0.5474
Epoch 192, train: 0.6131/0.6196, valid: 0.4939/0.5640 test: 0.5076/0.5474
Epoch 193, train: 0.5975/0.6196, valid: 0.5305/0.5640 test: 0.4862/0.5474
Epoch 194, train: 0.6002/0.6196, valid: 0.5122/0.5640 test: 0.5168/0.5474
Epoch 195, train: 0.6108/0.6196, valid: 0.5244/0.5640 test: 0.4924/0.5474
Epoch 196, train: 0.5990/0.6196, valid: 0.5427/0.5640 test: 0.5138/0.5474
Epoch 197, train: 0.5925/0.6196, valid: 0.5335/0.5640 test: 0.5015/0.5474
Epoch 198, train: 0.5918/0.6196, valid: 0.4817/0.5640 test: 0.4495/0.5474
Epoch 199, train: 0.5807/0.6196, valid: 0.5305/0.5640 test: 0.5260/0.5474
Epoch 200, train: 0.5857/0.6196, valid: 0.5000/0.5640 test: 0.5076/0.5474
Epoch 201, train: 0.5841/0.6196, valid: 0.5427/0.5640 test: 0.5015/0.5474
Epoch 202, train: 0.5799/0.6196, valid: 0.5152/0.5640 test: 0.5138/0.5474
Epoch 203, train: 0.5979/0.6196, valid: 0.4695/0.5640 test: 0.5443/0.5474
Epoch 204, train: 0.5952/0.6196, valid: 0.4970/0.5640 test: 0.5260/0.5474
Epoch 205, train: 0.5902/0.6196, valid: 0.4848/0.5640 test: 0.5321/0.5474
Epoch 206, train: 0.6101/0.6196, valid: 0.4970/0.5640 test: 0.5291/0.5474
Epoch 207, train: 0.5921/0.6196, valid: 0.5305/0.5640 test: 0.5382/0.5474
Epoch 208, train: 0.6036/0.6196, valid: 0.4878/0.5640 test: 0.4679/0.5474
Epoch 209, train: 0.5918/0.6196, valid: 0.4634/0.5640 test: 0.5199/0.5474
Epoch 210, train: 0.5837/0.6196, valid: 0.4817/0.5640 test: 0.4954/0.5474
Epoch 211, train: 0.5826/0.6196, valid: 0.5152/0.5640 test: 0.5229/0.5474
Epoch 212, train: 0.5998/0.6196, valid: 0.5701/0.5701 test: 0.4893/0.5474
Epoch 213, train: 0.6085/0.6196, valid: 0.5122/0.5701 test: 0.5168/0.5474
Epoch 214, train: 0.5891/0.6196, valid: 0.5335/0.5701 test: 0.5076/0.5474
Epoch 215, train: 0.6154/0.6196, valid: 0.5274/0.5701 test: 0.5107/0.5474
Epoch 216, train: 0.6093/0.6196, valid: 0.4909/0.5701 test: 0.4954/0.5474
Epoch 217, train: 0.6112/0.6196, valid: 0.5183/0.5701 test: 0.5199/0.5474
Epoch 218, train: 0.6097/0.6196, valid: 0.5030/0.5701 test: 0.5382/0.5474
Epoch 219, train: 0.6036/0.6196, valid: 0.4939/0.5701 test: 0.5474/0.5474
Epoch 220, train: 0.5940/0.6196, valid: 0.5061/0.5701 test: 0.4985/0.5474
Epoch 221, train: 0.6051/0.6196, valid: 0.4939/0.5701 test: 0.4985/0.5474
Epoch 222, train: 0.6082/0.6196, valid: 0.5274/0.5701 test: 0.5107/0.5474
Epoch 223, train: 0.6013/0.6196, valid: 0.5305/0.5701 test: 0.5138/0.5474
Epoch 224, train: 0.5963/0.6196, valid: 0.5274/0.5701 test: 0.5505/0.5505
Epoch 225, train: 0.6143/0.6196, valid: 0.4970/0.5701 test: 0.5138/0.5505
Epoch 226, train: 0.5845/0.6196, valid: 0.5061/0.5701 test: 0.4985/0.5505
Epoch 227, train: 0.6021/0.6196, valid: 0.5000/0.5701 test: 0.5443/0.5505
Epoch 228, train: 0.5963/0.6196, valid: 0.5396/0.5701 test: 0.5260/0.5505
Epoch 229, train: 0.6036/0.6196, valid: 0.5183/0.5701 test: 0.4924/0.5505
Epoch 230, train: 0.6032/0.6196, valid: 0.5183/0.5701 test: 0.5260/0.5505
Epoch 231, train: 0.6078/0.6196, valid: 0.5030/0.5701 test: 0.5076/0.5505
Epoch 232, train: 0.5971/0.6196, valid: 0.5183/0.5701 test: 0.4771/0.5505
Epoch 233, train: 0.5879/0.6196, valid: 0.5061/0.5701 test: 0.4832/0.5505
Epoch 234, train: 0.5872/0.6196, valid: 0.5091/0.5701 test: 0.5199/0.5505
Epoch 235, train: 0.5860/0.6196, valid: 0.5366/0.5701 test: 0.5046/0.5505
Epoch 236, train: 0.6040/0.6196, valid: 0.4970/0.5701 test: 0.5474/0.5505
Epoch 237, train: 0.5815/0.6196, valid: 0.4878/0.5701 test: 0.5229/0.5505
Epoch 238, train: 0.5956/0.6196, valid: 0.5122/0.5701 test: 0.4709/0.5505
Epoch 239, train: 0.5956/0.6196, valid: 0.5488/0.5701 test: 0.4832/0.5505
Epoch 240, train: 0.6051/0.6196, valid: 0.5274/0.5701 test: 0.5260/0.5505
Epoch 241, train: 0.5998/0.6196, valid: 0.5091/0.5701 test: 0.4985/0.5505
Epoch 242, train: 0.5879/0.6196, valid: 0.5274/0.5701 test: 0.5199/0.5505
Epoch 243, train: 0.5994/0.6196, valid: 0.5244/0.5701 test: 0.5015/0.5505
Epoch 244, train: 0.5887/0.6196, valid: 0.5000/0.5701 test: 0.5107/0.5505
Epoch 245, train: 0.6043/0.6196, valid: 0.5122/0.5701 test: 0.5138/0.5505
Epoch 246, train: 0.5967/0.6196, valid: 0.5274/0.5701 test: 0.5138/0.5505
Epoch 247, train: 0.6188/0.6196, valid: 0.5061/0.5701 test: 0.5015/0.5505
Epoch 248, train: 0.5998/0.6196, valid: 0.5335/0.5701 test: 0.5015/0.5505
Epoch 249, train: 0.6009/0.6196, valid: 0.4970/0.5701 test: 0.4771/0.5505
